{"level":"info","ts":1572396469.9564989,"caller":"app/notification_push.go:289","msg":"Notification will be sent","logSource":"notifications","ackId":"fb8kc8u3nindfyo6dnzeip5ewa","type":"clear","userId":"fpndhay453ridn5swgynz6rahw","postId":"","status":"Prepared to send"}
{"level":"info","ts":1572396470.255109,"caller":"app/notification_push.go:214","msg":"Notification sent","logSource":"notifications","ackId":"fb8kc8u3nindfyo6dnzeip5ewa","type":"clear","userId":"fpndhay453ridn5swgynz6rahw","postId":"","channelId":"7bkqum1h1pndbffin9o4mysqbh","deviceId":"f234aff279c179808ddf5ef7d68c10b476e56d82cd85df3a787f27bcb1f4edf9","status":"Successful"}
{"level":"info","ts":1572396471.899014,"caller":"app/notification_push.go:329","msg":"Notification received","logSource":"notifications","ackId":"fb8kc8u3nindfyo6dnzeip5ewa","type":"clear","deviceType":"ios","receivedAt":1572396471447,"status":"Received by device"}
{"level":"warn","ts":1572396502.906923,"caller":"app/notification.go:270","msg":"Notification not sent","logSource":"notifications","ackId":"","type":"message","userId":"fpndhay453ridn5swgynz6rahw","postId":"t43pzabk5tfe58tty7jmigp4gh","status":"Not Sent due to preferences"}
{"level":"info","ts":1572396502.950988,"caller":"app/notification_push.go:289","msg":"Notification will be sent","logSource":"notifications","ackId":"yytcrb8gtfbrbc4dfz3hz691dh","type":"clear","userId":"fpndhay453ridn5swgynz6rahw","postId":"","status":"Prepared to send"}
{"level":"info","ts":1572396503.149951,"caller":"app/notification_push.go:214","msg":"Notification sent","logSource":"notifications","ackId":"yytcrb8gtfbrbc4dfz3hz691dh","type":"clear","userId":"fpndhay453ridn5swgynz6rahw","postId":"","channelId":"7bkqum1h1pndbffin9o4mysqbh","deviceId":"f234aff279c179808ddf5ef7d68c10b476e56d82cd85df3a787f27bcb1f4edf9","status":"Successful"}
{"level":"info","ts":1572396504.422071,"caller":"app/notification_push.go:329","msg":"Notification received","logSource":"notifications","ackId":"yytcrb8gtfbrbc4dfz3hz691dh","type":"clear","deviceType":"ios","receivedAt":1572396504198,"status":"Received by device"}
{"level":"warn","ts":1572396505.911362,"caller":"app/notification.go:270","msg":"Notification not sent","logSource":"notifications","ackId":"","type":"message","userId":"7agbexuck7rb9myamtauf3a7ho","postId":"edfh1ht743daxqcerynkcam7ja","status":"Not Sent due to preferences"}
{"level":"info","ts":1572396505.928301,"caller":"app/notification_push.go:289","msg":"Notification will be sent","logSource":"notifications","ackId":"cws1s61kc7dx9muacek7en3mar","type":"clear","userId":"fpndhay453ridn5swgynz6rahw","postId":"","status":"Prepared to send"}
{"level":"info","ts":1572396506.127203,"caller":"app/notification_push.go:214","msg":"Notification sent","logSource":"notifications","ackId":"cws1s61kc7dx9muacek7en3mar","type":"clear","userId":"fpndhay453ridn5swgynz6rahw","postId":"","channelId":"7bkqum1h1pndbffin9o4mysqbh","deviceId":"f234aff279c179808ddf5ef7d68c10b476e56d82cd85df3a787f27bcb1f4edf9","status":"Successful"}
{"level":"info","ts":1572396506.810175,"caller":"app/notification_push.go:329","msg":"Notification received","logSource":"notifications","ackId":"cws1s61kc7dx9muacek7en3mar","type":"clear","deviceType":"ios","receivedAt":1572396506589,"status":"Received by device"}
{"level":"warn","ts":1572396508.776324,"caller":"app/notification.go:270","msg":"Notification not sent","logSource":"notifications","ackId":"","type":"message","userId":"7agbexuck7rb9myamtauf3a7ho","postId":"qib65wnrxjrbfgmakkk6hp4mce","status":"Not Sent due to preferences"}
{"level":"info","ts":1572396508.796196,"caller":"app/notification_push.go:289","msg":"Notification will be sent","logSource":"notifications","ackId":"ofti796hqbbi38nfqc3g1pyy4c","type":"clear","userId":"fpndhay453ridn5swgynz6rahw","postId":"","status":"Prepared to send"}
{"level":"info","ts":1572396508.991801,"caller":"app/notification_push.go:214","msg":"Notification sent","logSource":"notifications","ackId":"ofti796hqbbi38nfqc3g1pyy4c","type":"clear","userId":"fpndhay453ridn5swgynz6rahw","postId":"","channelId":"7bkqum1h1pndbffin9o4mysqbh","deviceId":"f234aff279c179808ddf5ef7d68c10b476e56d82cd85df3a787f27bcb1f4edf9","status":"Successful"}
{"level":"info","ts":1572396509.595428,"caller":"app/notification_push.go:329","msg":"Notification received","logSource":"notifications","ackId":"ofti796hqbbi38nfqc3g1pyy4c","type":"clear","deviceType":"ios","receivedAt":1572396509399,"status":"Received by device"}
{"level":"warn","ts":1572396520.907646,"caller":"app/notification.go:270","msg":"Notification not sent","logSource":"notifications","ackId":"","type":"message","userId":"fpndhay453ridn5swgynz6rahw","postId":"9did65q48tb1jy9dg4jrzz89uw","status":"Not Sent due to preferences"}
{"level":"info","ts":1572396520.968447,"caller":"app/notification_push.go:289","msg":"Notification will be sent","logSource":"notifications","ackId":"y43rxy68g7f7jgaqioowa3aq8h","type":"clear","userId":"fpndhay453ridn5swgynz6rahw","postId":"","status":"Prepared to send"}
{"level":"info","ts":1572396521.166166,"caller":"app/notification_push.go:214","msg":"Notification sent","logSource":"notifications","ackId":"y43rxy68g7f7jgaqioowa3aq8h","type":"clear","userId":"fpndhay453ridn5swgynz6rahw","postId":"","channelId":"7bkqum1h1pndbffin9o4mysqbh","deviceId":"f234aff279c179808ddf5ef7d68c10b476e56d82cd85df3a787f27bcb1f4edf9","status":"Successful"}
{"level":"info","ts":1572396521.8194408,"caller":"app/notification_push.go:329","msg":"Notification received","logSource":"notifications","ackId":"y43rxy68g7f7jgaqioowa3aq8h","type":"clear","deviceType":"ios","receivedAt":1572396521549,"status":"Received by device"}
{"level":"warn","ts":1572396530.341967,"caller":"app/notification.go:270","msg":"Notification not sent","logSource":"notifications","ackId":"","type":"message","userId":"fpndhay453ridn5swgynz6rahw","postId":"mezemrcwxi8zpypy4kouin7m3w","status":"Not Sent due to preferences"}
{"level":"info","ts":1572396530.387537,"caller":"app/notification_push.go:289","msg":"Notification will be sent","logSource":"notifications","ackId":"ekjz96ccaprfmr9rey5oxt9yhy","type":"clear","userId":"fpndhay453ridn5swgynz6rahw","postId":"","status":"Prepared to send"}
{"level":"info","ts":1572396530.583005,"caller":"app/notification_push.go:214","msg":"Notification sent","logSource":"notifications","ackId":"ekjz96ccaprfmr9rey5oxt9yhy","type":"clear","userId":"fpndhay453ridn5swgynz6rahw","postId":"","channelId":"7bkqum1h1pndbffin9o4mysqbh","deviceId":"f234aff279c179808ddf5ef7d68c10b476e56d82cd85df3a787f27bcb1f4edf9","status":"Successful"}
{"level":"info","ts":1572396531.139621,"caller":"app/notification_push.go:329","msg":"Notification received","logSource":"notifications","ackId":"ekjz96ccaprfmr9rey5oxt9yhy","type":"clear","deviceType":"ios","receivedAt":1572396530950,"status":"Received by device"}
{"level":"warn","ts":1572396534.6305192,"caller":"app/notification.go:270","msg":"Notification not sent","logSource":"notifications","ackId":"","type":"message","userId":"fpndhay453ridn5swgynz6rahw","postId":"1uc1sb3a5pgdpkxnw4bfi1azho","status":"Not Sent due to preferences"}
{"level":"info","ts":1572396534.659808,"caller":"app/notification_push.go:289","msg":"Notification will be sent","logSource":"notifications","ackId":"19yr9yjeejfuijnupjabh9ohiw","type":"clear","userId":"fpndhay453ridn5swgynz6rahw","postId":"","status":"Prepared to send"}
{"level":"info","ts":1572396534.858947,"caller":"app/notification_push.go:214","msg":"Notification sent","logSource":"notifications","ackId":"19yr9yjeejfuijnupjabh9ohiw","type":"clear","userId":"fpndhay453ridn5swgynz6rahw","postId":"","channelId":"7bkqum1h1pndbffin9o4mysqbh","deviceId":"f234aff279c179808ddf5ef7d68c10b476e56d82cd85df3a787f27bcb1f4edf9","status":"Successful"}
{"level":"info","ts":1572396535.420935,"caller":"app/notification_push.go:329","msg":"Notification received","logSource":"notifications","ackId":"19yr9yjeejfuijnupjabh9ohiw","type":"clear","deviceType":"ios","receivedAt":1572396535218,"status":"Received by device"}
{"level":"warn","ts":1572396538.6148548,"caller":"app/notification.go:270","msg":"Notification not sent","logSource":"notifications","ackId":"","type":"message","userId":"7agbexuck7rb9myamtauf3a7ho","postId":"mhm9as66x7b98x6895zt7448rh","status":"Not Sent due to preferences"}
{"level":"info","ts":1572396538.632402,"caller":"app/notification_push.go:289","msg":"Notification will be sent","logSource":"notifications","ackId":"7iq5yunnc3guibb7s6d1br4ynh","type":"clear","userId":"fpndhay453ridn5swgynz6rahw","postId":"","status":"Prepared to send"}
{"level":"info","ts":1572396538.8334668,"caller":"app/notification_push.go:214","msg":"Notification sent","logSource":"notifications","ackId":"7iq5yunnc3guibb7s6d1br4ynh","type":"clear","userId":"fpndhay453ridn5swgynz6rahw","postId":"","channelId":"7bkqum1h1pndbffin9o4mysqbh","deviceId":"f234aff279c179808ddf5ef7d68c10b476e56d82cd85df3a787f27bcb1f4edf9","status":"Successful"}
{"level":"info","ts":1572396539.428372,"caller":"app/notification_push.go:329","msg":"Notification received","logSource":"notifications","ackId":"7iq5yunnc3guibb7s6d1br4ynh","type":"clear","deviceType":"ios","receivedAt":1572396539208,"status":"Received by device"}
{"level":"warn","ts":1572396545.2969332,"caller":"app/notification.go:270","msg":"Notification not sent","logSource":"notifications","ackId":"","type":"message","userId":"7agbexuck7rb9myamtauf3a7ho","postId":"srqdfbzdtfy35n4ypqc1mtuwhe","status":"Not Sent due to preferences"}
{"level":"info","ts":1572396545.316492,"caller":"app/notification_push.go:289","msg":"Notification will be sent","logSource":"notifications","ackId":"5fjg97117p8sbgqykra8ajbqjc","type":"clear","userId":"fpndhay453ridn5swgynz6rahw","postId":"","status":"Prepared to send"}
{"level":"warn","ts":1572396545.368675,"caller":"app/notification.go:270","msg":"Notification not sent","logSource":"notifications","ackId":"","type":"message","userId":"fpndhay453ridn5swgynz6rahw","postId":"mcqewwnq6f8bjxdfyx5dzuefch","status":"Not Sent due to preferences"}
{"level":"info","ts":1572396545.511105,"caller":"app/notification_push.go:214","msg":"Notification sent","logSource":"notifications","ackId":"5fjg97117p8sbgqykra8ajbqjc","type":"clear","userId":"fpndhay453ridn5swgynz6rahw","postId":"","channelId":"7bkqum1h1pndbffin9o4mysqbh","deviceId":"f234aff279c179808ddf5ef7d68c10b476e56d82cd85df3a787f27bcb1f4edf9","status":"Successful"}
{"level":"info","ts":1572396545.516326,"caller":"app/notification_push.go:289","msg":"Notification will be sent","logSource":"notifications","ackId":"cgpksstdrjb6inepcun376tzao","type":"clear","userId":"fpndhay453ridn5swgynz6rahw","postId":"","status":"Prepared to send"}
{"level":"info","ts":1572396545.718226,"caller":"app/notification_push.go:214","msg":"Notification sent","logSource":"notifications","ackId":"cgpksstdrjb6inepcun376tzao","type":"clear","userId":"fpndhay453ridn5swgynz6rahw","postId":"","channelId":"7bkqum1h1pndbffin9o4mysqbh","deviceId":"f234aff279c179808ddf5ef7d68c10b476e56d82cd85df3a787f27bcb1f4edf9","status":"Successful"}
{"level":"info","ts":1572396546.054819,"caller":"app/notification_push.go:329","msg":"Notification received","logSource":"notifications","ackId":"5fjg97117p8sbgqykra8ajbqjc","type":"clear","deviceType":"ios","receivedAt":1572396545869,"status":"Received by device"}
{"level":"warn","ts":1572396548.195953,"caller":"app/notification.go:270","msg":"Notification not sent","logSource":"notifications","ackId":"","type":"message","userId":"7agbexuck7rb9myamtauf3a7ho","postId":"u77nm5fgajfntpjaog3463xemw","status":"Not Sent due to preferences"}
{"level":"info","ts":1572396548.213421,"caller":"app/notification_push.go:289","msg":"Notification will be sent","logSource":"notifications","ackId":"w84otz3nnpyptm6j989fakwmmo","type":"clear","userId":"fpndhay453ridn5swgynz6rahw","postId":"","status":"Prepared to send"}
{"level":"info","ts":1572396548.3946722,"caller":"app/notification_push.go:329","msg":"Notification received","logSource":"notifications","ackId":"cgpksstdrjb6inepcun376tzao","type":"clear","deviceType":"ios","receivedAt":1572396548190,"status":"Received by device"}
{"level":"info","ts":1572396548.4466681,"caller":"app/notification_push.go:214","msg":"Notification sent","logSource":"notifications","ackId":"w84otz3nnpyptm6j989fakwmmo","type":"clear","userId":"fpndhay453ridn5swgynz6rahw","postId":"","channelId":"7bkqum1h1pndbffin9o4mysqbh","deviceId":"f234aff279c179808ddf5ef7d68c10b476e56d82cd85df3a787f27bcb1f4edf9","status":"Successful"}
{"level":"info","ts":1572396550.27091,"caller":"app/notification_push.go:329","msg":"Notification received","logSource":"notifications","ackId":"w84otz3nnpyptm6j989fakwmmo","type":"clear","deviceType":"ios","receivedAt":1572396550079,"status":"Received by device"}
{"level":"warn","ts":1572396561.1271172,"caller":"app/notification.go:270","msg":"Notification not sent","logSource":"notifications","ackId":"","type":"message","userId":"7agbexuck7rb9myamtauf3a7ho","postId":"muf3a1hpqf8b8na753b8hx14hw","status":"Not Sent due to preferences"}
{"level":"info","ts":1572396561.147467,"caller":"app/notification_push.go:289","msg":"Notification will be sent","logSource":"notifications","ackId":"r9p57no6djrmzrt15eeeikkskr","type":"clear","userId":"fpndhay453ridn5swgynz6rahw","postId":"","status":"Prepared to send"}
{"level":"info","ts":1572396561.346743,"caller":"app/notification_push.go:214","msg":"Notification sent","logSource":"notifications","ackId":"r9p57no6djrmzrt15eeeikkskr","type":"clear","userId":"fpndhay453ridn5swgynz6rahw","postId":"","channelId":"7bkqum1h1pndbffin9o4mysqbh","deviceId":"f234aff279c179808ddf5ef7d68c10b476e56d82cd85df3a787f27bcb1f4edf9","status":"Successful"}
{"level":"warn","ts":1572396565.314827,"caller":"app/notification.go:270","msg":"Notification not sent","logSource":"notifications","ackId":"","type":"message","userId":"7agbexuck7rb9myamtauf3a7ho","postId":"uatek4mtqpbztgwybf8pagm7ca","status":"Not Sent due to preferences"}
{"level":"info","ts":1572396565.3357801,"caller":"app/notification_push.go:289","msg":"Notification will be sent","logSource":"notifications","ackId":"mp7gh3wycjn1jf6n6runugxw1h","type":"clear","userId":"fpndhay453ridn5swgynz6rahw","postId":"","status":"Prepared to send"}
{"level":"info","ts":1572396565.529541,"caller":"app/notification_push.go:214","msg":"Notification sent","logSource":"notifications","ackId":"mp7gh3wycjn1jf6n6runugxw1h","type":"clear","userId":"fpndhay453ridn5swgynz6rahw","postId":"","channelId":"7bkqum1h1pndbffin9o4mysqbh","deviceId":"f234aff279c179808ddf5ef7d68c10b476e56d82cd85df3a787f27bcb1f4edf9","status":"Successful"}
{"level":"warn","ts":1572396580.3920388,"caller":"app/notification.go:270","msg":"Notification not sent","logSource":"notifications","ackId":"","type":"message","userId":"fpndhay453ridn5swgynz6rahw","postId":"bd6ttcnn1i8y5b98rq4erx1pyc","status":"Not Sent due to preferences"}
{"level":"info","ts":1572396580.424905,"caller":"app/notification_push.go:289","msg":"Notification will be sent","logSource":"notifications","ackId":"zt6k716gbjfndejxydtuahzqiw","type":"clear","userId":"fpndhay453ridn5swgynz6rahw","postId":"","status":"Prepared to send"}
{"level":"info","ts":1572396580.6276171,"caller":"app/notification_push.go:214","msg":"Notification sent","logSource":"notifications","ackId":"zt6k716gbjfndejxydtuahzqiw","type":"clear","userId":"fpndhay453ridn5swgynz6rahw","postId":"","channelId":"7bkqum1h1pndbffin9o4mysqbh","deviceId":"f234aff279c179808ddf5ef7d68c10b476e56d82cd85df3a787f27bcb1f4edf9","status":"Successful"}
{"level":"warn","ts":1572396584.4996202,"caller":"app/notification.go:270","msg":"Notification not sent","logSource":"notifications","ackId":"","type":"message","userId":"fpndhay453ridn5swgynz6rahw","postId":"zq1ay87xjfg5xm584cc4t6azpe","status":"Not Sent due to preferences"}
{"level":"info","ts":1572396584.530981,"caller":"app/notification_push.go:289","msg":"Notification will be sent","logSource":"notifications","ackId":"4jotzp5d63f9jcot1ubtpd6p7h","type":"clear","userId":"fpndhay453ridn5swgynz6rahw","postId":"","status":"Prepared to send"}
{"level":"info","ts":1572396584.727524,"caller":"app/notification_push.go:214","msg":"Notification sent","logSource":"notifications","ackId":"4jotzp5d63f9jcot1ubtpd6p7h","type":"clear","userId":"fpndhay453ridn5swgynz6rahw","postId":"","channelId":"7bkqum1h1pndbffin9o4mysqbh","deviceId":"f234aff279c179808ddf5ef7d68c10b476e56d82cd85df3a787f27bcb1f4edf9","status":"Successful"}
{"level":"warn","ts":1572396588.124501,"caller":"app/notification.go:270","msg":"Notification not sent","logSource":"notifications","ackId":"","type":"message","userId":"7agbexuck7rb9myamtauf3a7ho","postId":"uadsyo18tjng8k9gwoo69rou9h","status":"Not Sent due to preferences"}
{"level":"info","ts":1572396588.1411772,"caller":"app/notification_push.go:289","msg":"Notification will be sent","logSource":"notifications","ackId":"owxg9yko53dz3m4qrjcjhkneae","type":"clear","userId":"fpndhay453ridn5swgynz6rahw","postId":"","status":"Prepared to send"}
{"level":"info","ts":1572396588.345097,"caller":"app/notification_push.go:214","msg":"Notification sent","logSource":"notifications","ackId":"owxg9yko53dz3m4qrjcjhkneae","type":"clear","userId":"fpndhay453ridn5swgynz6rahw","postId":"","channelId":"7bkqum1h1pndbffin9o4mysqbh","deviceId":"f234aff279c179808ddf5ef7d68c10b476e56d82cd85df3a787f27bcb1f4edf9","status":"Successful"}
{"level":"warn","ts":1572396593.16627,"caller":"app/notification.go:270","msg":"Notification not sent","logSource":"notifications","ackId":"","type":"message","userId":"7agbexuck7rb9myamtauf3a7ho","postId":"1sph1sbp9ib65ka4n6ss7dxdoh","status":"Not Sent due to preferences"}
{"level":"info","ts":1572396593.182465,"caller":"app/notification_push.go:289","msg":"Notification will be sent","logSource":"notifications","ackId":"38otqeji1fyn9ypismgfdbok7r","type":"clear","userId":"fpndhay453ridn5swgynz6rahw","postId":"","status":"Prepared to send"}
{"level":"info","ts":1572396593.3866482,"caller":"app/notification_push.go:214","msg":"Notification sent","logSource":"notifications","ackId":"38otqeji1fyn9ypismgfdbok7r","type":"clear","userId":"fpndhay453ridn5swgynz6rahw","postId":"","channelId":"7bkqum1h1pndbffin9o4mysqbh","deviceId":"f234aff279c179808ddf5ef7d68c10b476e56d82cd85df3a787f27bcb1f4edf9","status":"Successful"}
{"level":"warn","ts":1572396600.066192,"caller":"app/notification.go:270","msg":"Notification not sent","logSource":"notifications","ackId":"","type":"message","userId":"7agbexuck7rb9myamtauf3a7ho","postId":"h4j9wgcyr7baddb7no6ecfrwpr","status":"Not Sent due to preferences"}
{"level":"info","ts":1572396600.083027,"caller":"app/notification_push.go:289","msg":"Notification will be sent","logSource":"notifications","ackId":"kif8wbwpb384mx4eaqnw1167ce","type":"clear","userId":"fpndhay453ridn5swgynz6rahw","postId":"","status":"Prepared to send"}
{"level":"info","ts":1572396600.2755682,"caller":"app/notification_push.go:214","msg":"Notification sent","logSource":"notifications","ackId":"kif8wbwpb384mx4eaqnw1167ce","type":"clear","userId":"fpndhay453ridn5swgynz6rahw","postId":"","channelId":"7bkqum1h1pndbffin9o4mysqbh","deviceId":"f234aff279c179808ddf5ef7d68c10b476e56d82cd85df3a787f27bcb1f4edf9","status":"Successful"}
{"level":"warn","ts":1572396605.584625,"caller":"app/notification.go:270","msg":"Notification not sent","logSource":"notifications","ackId":"","type":"message","userId":"7agbexuck7rb9myamtauf3a7ho","postId":"59qk7xroiirn98x8mx7kyb5c8w","status":"Not Sent due to preferences"}
{"level":"info","ts":1572396605.603182,"caller":"app/notification_push.go:289","msg":"Notification will be sent","logSource":"notifications","ackId":"c1onjw1nbtyrfkf9b9uapzi7yy","type":"clear","userId":"fpndhay453ridn5swgynz6rahw","postId":"","status":"Prepared to send"}
{"level":"info","ts":1572396605.8004658,"caller":"app/notification_push.go:214","msg":"Notification sent","logSource":"notifications","ackId":"c1onjw1nbtyrfkf9b9uapzi7yy","type":"clear","userId":"fpndhay453ridn5swgynz6rahw","postId":"","channelId":"7bkqum1h1pndbffin9o4mysqbh","deviceId":"f234aff279c179808ddf5ef7d68c10b476e56d82cd85df3a787f27bcb1f4edf9","status":"Successful"}
{"level":"warn","ts":1572396607.1036632,"caller":"app/notification.go:270","msg":"Notification not sent","logSource":"notifications","ackId":"","type":"message","userId":"7agbexuck7rb9myamtauf3a7ho","postId":"jds1bwba9bdj8b8esyyoi3ab8e","status":"Not Sent due to preferences"}
{"level":"info","ts":1572396607.122296,"caller":"app/notification_push.go:289","msg":"Notification will be sent","logSource":"notifications","ackId":"8aeb7pbwifnzd8etszdwzy7fwa","type":"clear","userId":"fpndhay453ridn5swgynz6rahw","postId":"","status":"Prepared to send"}
{"level":"info","ts":1572396607.3182452,"caller":"app/notification_push.go:214","msg":"Notification sent","logSource":"notifications","ackId":"8aeb7pbwifnzd8etszdwzy7fwa","type":"clear","userId":"fpndhay453ridn5swgynz6rahw","postId":"","channelId":"7bkqum1h1pndbffin9o4mysqbh","deviceId":"f234aff279c179808ddf5ef7d68c10b476e56d82cd85df3a787f27bcb1f4edf9","status":"Successful"}
{"level":"warn","ts":1572396609.178922,"caller":"app/notification.go:270","msg":"Notification not sent","logSource":"notifications","ackId":"","type":"message","userId":"7agbexuck7rb9myamtauf3a7ho","postId":"fm8w5bds8jdmp89yet1yzwsyco","status":"Not Sent due to preferences"}
{"level":"info","ts":1572396609.196126,"caller":"app/notification_push.go:289","msg":"Notification will be sent","logSource":"notifications","ackId":"kd4wszys3jdtid8rqk18boeqmw","type":"clear","userId":"fpndhay453ridn5swgynz6rahw","postId":"","status":"Prepared to send"}
{"level":"info","ts":1572396609.389311,"caller":"app/notification_push.go:214","msg":"Notification sent","logSource":"notifications","ackId":"kd4wszys3jdtid8rqk18boeqmw","type":"clear","userId":"fpndhay453ridn5swgynz6rahw","postId":"","channelId":"7bkqum1h1pndbffin9o4mysqbh","deviceId":"f234aff279c179808ddf5ef7d68c10b476e56d82cd85df3a787f27bcb1f4edf9","status":"Successful"}
{"level":"warn","ts":1572396618.9963,"caller":"app/notification.go:270","msg":"Notification not sent","logSource":"notifications","ackId":"","type":"message","userId":"7agbexuck7rb9myamtauf3a7ho","postId":"zw9kp1uwftg8zmb1qu9hrrb7no","status":"Not Sent due to preferences"}
{"level":"info","ts":1572396619.013979,"caller":"app/notification_push.go:289","msg":"Notification will be sent","logSource":"notifications","ackId":"d5sw1wc8kbgfmndd3zyrhr4gfo","type":"clear","userId":"fpndhay453ridn5swgynz6rahw","postId":"","status":"Prepared to send"}
{"level":"info","ts":1572396619.21743,"caller":"app/notification_push.go:214","msg":"Notification sent","logSource":"notifications","ackId":"d5sw1wc8kbgfmndd3zyrhr4gfo","type":"clear","userId":"fpndhay453ridn5swgynz6rahw","postId":"","channelId":"7bkqum1h1pndbffin9o4mysqbh","deviceId":"f234aff279c179808ddf5ef7d68c10b476e56d82cd85df3a787f27bcb1f4edf9","status":"Successful"}
{"level":"warn","ts":1572396627.1970508,"caller":"app/notification.go:270","msg":"Notification not sent","logSource":"notifications","ackId":"","type":"message","userId":"fpndhay453ridn5swgynz6rahw","postId":"dcigt6ar93f4tjapd4g1whi33e","status":"Not Sent due to preferences"}
{"level":"info","ts":1572396627.248416,"caller":"app/notification_push.go:289","msg":"Notification will be sent","logSource":"notifications","ackId":"zkirq7wxjbn5dg81q3s5f6ci7w","type":"clear","userId":"fpndhay453ridn5swgynz6rahw","postId":"","status":"Prepared to send"}
{"level":"info","ts":1572396627.48826,"caller":"app/notification_push.go:214","msg":"Notification sent","logSource":"notifications","ackId":"zkirq7wxjbn5dg81q3s5f6ci7w","type":"clear","userId":"fpndhay453ridn5swgynz6rahw","postId":"","channelId":"7bkqum1h1pndbffin9o4mysqbh","deviceId":"f234aff279c179808ddf5ef7d68c10b476e56d82cd85df3a787f27bcb1f4edf9","status":"Successful"}
{"level":"warn","ts":1572396639.988872,"caller":"app/notification.go:270","msg":"Notification not sent","logSource":"notifications","ackId":"","type":"message","userId":"7agbexuck7rb9myamtauf3a7ho","postId":"geg47f3azfbi88ads958d5fgwo","status":"Not Sent due to preferences"}
{"level":"info","ts":1572396640.0047302,"caller":"app/notification_push.go:289","msg":"Notification will be sent","logSource":"notifications","ackId":"ju311wkbijdidrn61aiodu5u8o","type":"clear","userId":"fpndhay453ridn5swgynz6rahw","postId":"","status":"Prepared to send"}
{"level":"info","ts":1572396640.205515,"caller":"app/notification_push.go:214","msg":"Notification sent","logSource":"notifications","ackId":"ju311wkbijdidrn61aiodu5u8o","type":"clear","userId":"fpndhay453ridn5swgynz6rahw","postId":"","channelId":"7bkqum1h1pndbffin9o4mysqbh","deviceId":"f234aff279c179808ddf5ef7d68c10b476e56d82cd85df3a787f27bcb1f4edf9","status":"Successful"}
{"level":"warn","ts":1572396643.938345,"caller":"app/notification.go:270","msg":"Notification not sent","logSource":"notifications","ackId":"","type":"message","userId":"7agbexuck7rb9myamtauf3a7ho","postId":"i1uzf348jbngppj8wmb564f1sa","status":"Not Sent due to preferences"}
{"level":"info","ts":1572396643.954387,"caller":"app/notification_push.go:289","msg":"Notification will be sent","logSource":"notifications","ackId":"3cz7cd8udtfapyf6yphajyu6yw","type":"clear","userId":"fpndhay453ridn5swgynz6rahw","postId":"","status":"Prepared to send"}
{"level":"info","ts":1572396644.151517,"caller":"app/notification_push.go:214","msg":"Notification sent","logSource":"notifications","ackId":"3cz7cd8udtfapyf6yphajyu6yw","type":"clear","userId":"fpndhay453ridn5swgynz6rahw","postId":"","channelId":"7bkqum1h1pndbffin9o4mysqbh","deviceId":"f234aff279c179808ddf5ef7d68c10b476e56d82cd85df3a787f27bcb1f4edf9","status":"Successful"}
{"level":"warn","ts":1572396674.298465,"caller":"app/notification.go:270","msg":"Notification not sent","logSource":"notifications","ackId":"","type":"message","userId":"7agbexuck7rb9myamtauf3a7ho","postId":"de675i47fbr3mymfusekwuyi7a","status":"Not Sent due to preferences"}
{"level":"info","ts":1572396674.315686,"caller":"app/notification_push.go:289","msg":"Notification will be sent","logSource":"notifications","ackId":"yqkf8hgostywdraoushrsur1gh","type":"clear","userId":"fpndhay453ridn5swgynz6rahw","postId":"","status":"Prepared to send"}
{"level":"info","ts":1572396675.017458,"caller":"app/notification_push.go:214","msg":"Notification sent","logSource":"notifications","ackId":"yqkf8hgostywdraoushrsur1gh","type":"clear","userId":"fpndhay453ridn5swgynz6rahw","postId":"","channelId":"7bkqum1h1pndbffin9o4mysqbh","deviceId":"f234aff279c179808ddf5ef7d68c10b476e56d82cd85df3a787f27bcb1f4edf9","status":"Successful"}
{"level":"warn","ts":1572396902.448549,"caller":"app/notification.go:270","msg":"Notification not sent","logSource":"notifications","ackId":"","type":"message","userId":"fpndhay453ridn5swgynz6rahw","postId":"qeecmnd537btmmefnubbp5c3aa","status":"Not Sent due to preferences"}
{"level":"info","ts":1572396902.486419,"caller":"app/notification_push.go:289","msg":"Notification will be sent","logSource":"notifications","ackId":"f7n38ctgp7gjxf9qmrpgob9c8o","type":"clear","userId":"fpndhay453ridn5swgynz6rahw","postId":"","status":"Prepared to send"}
{"level":"info","ts":1572396902.7779489,"caller":"app/notification_push.go:214","msg":"Notification sent","logSource":"notifications","ackId":"f7n38ctgp7gjxf9qmrpgob9c8o","type":"clear","userId":"fpndhay453ridn5swgynz6rahw","postId":"","channelId":"7bkqum1h1pndbffin9o4mysqbh","deviceId":"f234aff279c179808ddf5ef7d68c10b476e56d82cd85df3a787f27bcb1f4edf9","status":"Successful"}
{"level":"warn","ts":1572396902.93253,"caller":"app/notification.go:270","msg":"Notification not sent","logSource":"notifications","ackId":"","type":"message","userId":"fpndhay453ridn5swgynz6rahw","postId":"n4swnapzz7g5db3u3occ8ptc8r","status":"Not Sent due to preferences"}
{"level":"info","ts":1572396902.964542,"caller":"app/notification_push.go:289","msg":"Notification will be sent","logSource":"notifications","ackId":"qe4x5owa9pbfdde8y5yrtn9zmy","type":"clear","userId":"fpndhay453ridn5swgynz6rahw","postId":"","status":"Prepared to send"}
{"level":"info","ts":1572396903.167171,"caller":"app/notification_push.go:214","msg":"Notification sent","logSource":"notifications","ackId":"qe4x5owa9pbfdde8y5yrtn9zmy","type":"clear","userId":"fpndhay453ridn5swgynz6rahw","postId":"","channelId":"7bkqum1h1pndbffin9o4mysqbh","deviceId":"f234aff279c179808ddf5ef7d68c10b476e56d82cd85df3a787f27bcb1f4edf9","status":"Successful"}
{"level":"warn","ts":1572396908.4550452,"caller":"app/notification.go:270","msg":"Notification not sent","logSource":"notifications","ackId":"","type":"message","userId":"7agbexuck7rb9myamtauf3a7ho","postId":"6qncbsrx53batywpif8dkph79y","status":"Not Sent due to preferences"}
{"level":"info","ts":1572396908.473184,"caller":"app/notification_push.go:289","msg":"Notification will be sent","logSource":"notifications","ackId":"1xp38uz99pbz7pqks7xh5nzfqo","type":"clear","userId":"fpndhay453ridn5swgynz6rahw","postId":"","status":"Prepared to send"}
{"level":"info","ts":1572396908.672392,"caller":"app/notification_push.go:214","msg":"Notification sent","logSource":"notifications","ackId":"1xp38uz99pbz7pqks7xh5nzfqo","type":"clear","userId":"fpndhay453ridn5swgynz6rahw","postId":"","channelId":"7bkqum1h1pndbffin9o4mysqbh","deviceId":"f234aff279c179808ddf5ef7d68c10b476e56d82cd85df3a787f27bcb1f4edf9","status":"Successful"}
{"level":"warn","ts":1572396936.331311,"caller":"app/notification.go:270","msg":"Notification not sent","logSource":"notifications","ackId":"","type":"message","userId":"7agbexuck7rb9myamtauf3a7ho","postId":"58bhek3z4idkbf8djq6x5fkxjr","status":"Not Sent due to preferences"}
{"level":"info","ts":1572396936.346654,"caller":"app/notification_push.go:289","msg":"Notification will be sent","logSource":"notifications","ackId":"ymnw9uypji8npp3fgb6mw37zka","type":"clear","userId":"fpndhay453ridn5swgynz6rahw","postId":"","status":"Prepared to send"}
{"level":"info","ts":1572396936.542191,"caller":"app/notification_push.go:214","msg":"Notification sent","logSource":"notifications","ackId":"ymnw9uypji8npp3fgb6mw37zka","type":"clear","userId":"fpndhay453ridn5swgynz6rahw","postId":"","channelId":"7bkqum1h1pndbffin9o4mysqbh","deviceId":"f234aff279c179808ddf5ef7d68c10b476e56d82cd85df3a787f27bcb1f4edf9","status":"Successful"}
{"level":"warn","ts":1572396985.974762,"caller":"app/notification.go:270","msg":"Notification not sent","logSource":"notifications","ackId":"","type":"message","userId":"7agbexuck7rb9myamtauf3a7ho","postId":"qqrwo67p83y5xxrox3k8ecyjfc","status":"Not Sent due to preferences"}
{"level":"info","ts":1572396985.996405,"caller":"app/notification_push.go:289","msg":"Notification will be sent","logSource":"notifications","ackId":"3t6m3xik5jbg9pfyhotc9grnre","type":"clear","userId":"fpndhay453ridn5swgynz6rahw","postId":"","status":"Prepared to send"}
{"level":"info","ts":1572396986.2280378,"caller":"app/notification_push.go:214","msg":"Notification sent","logSource":"notifications","ackId":"3t6m3xik5jbg9pfyhotc9grnre","type":"clear","userId":"fpndhay453ridn5swgynz6rahw","postId":"","channelId":"7bkqum1h1pndbffin9o4mysqbh","deviceId":"f234aff279c179808ddf5ef7d68c10b476e56d82cd85df3a787f27bcb1f4edf9","status":"Successful"}
{"level":"info","ts":1572397002.740404,"caller":"app/notification_push.go:329","msg":"Notification received","logSource":"notifications","ackId":"3t6m3xik5jbg9pfyhotc9grnre","type":"clear","deviceType":"ios","receivedAt":1572397002531,"status":"Received by device"}
{"level":"warn","ts":1572397880.3191721,"caller":"app/notification.go:270","msg":"Notification not sent","logSource":"notifications","ackId":"","type":"message","userId":"7agbexuck7rb9myamtauf3a7ho","postId":"fsmrr6dwjb8jjfgxqxo9ua38pr","status":"Not Sent due to preferences"}
{"level":"info","ts":1572397880.342714,"caller":"app/notification_push.go:289","msg":"Notification will be sent","logSource":"notifications","ackId":"nuu5k7yixpgwixygymk6yt4buy","type":"clear","userId":"fpndhay453ridn5swgynz6rahw","postId":"","status":"Prepared to send"}
{"level":"info","ts":1572397880.7090812,"caller":"app/notification_push.go:214","msg":"Notification sent","logSource":"notifications","ackId":"nuu5k7yixpgwixygymk6yt4buy","type":"clear","userId":"fpndhay453ridn5swgynz6rahw","postId":"","channelId":"7bkqum1h1pndbffin9o4mysqbh","deviceId":"f234aff279c179808ddf5ef7d68c10b476e56d82cd85df3a787f27bcb1f4edf9","status":"Successful"}
{"level":"info","ts":1572397881.383994,"caller":"app/notification_push.go:329","msg":"Notification received","logSource":"notifications","ackId":"nuu5k7yixpgwixygymk6yt4buy","type":"clear","deviceType":"ios","receivedAt":1572397881086,"status":"Received by device"}
{"level":"warn","ts":1572397888.1129339,"caller":"app/notification.go:270","msg":"Notification not sent","logSource":"notifications","ackId":"","type":"message","userId":"7agbexuck7rb9myamtauf3a7ho","postId":"z954etabgbgmzfjnda8wu5qttr","status":"Not Sent due to preferences"}
{"level":"info","ts":1572397888.13781,"caller":"app/notification_push.go:289","msg":"Notification will be sent","logSource":"notifications","ackId":"8r6q9s1m4bggtke78afndy18py","type":"clear","userId":"fpndhay453ridn5swgynz6rahw","postId":"","status":"Prepared to send"}
{"level":"info","ts":1572397888.338182,"caller":"app/notification_push.go:214","msg":"Notification sent","logSource":"notifications","ackId":"8r6q9s1m4bggtke78afndy18py","type":"clear","userId":"fpndhay453ridn5swgynz6rahw","postId":"","channelId":"7bkqum1h1pndbffin9o4mysqbh","deviceId":"f234aff279c179808ddf5ef7d68c10b476e56d82cd85df3a787f27bcb1f4edf9","status":"Successful"}
{"level":"warn","ts":1572397900.850473,"caller":"app/notification.go:270","msg":"Notification not sent","logSource":"notifications","ackId":"","type":"message","userId":"7agbexuck7rb9myamtauf3a7ho","postId":"fjsi6dar1irhpk15af4jhyg7ay","status":"Not Sent due to preferences"}
{"level":"info","ts":1572397900.872203,"caller":"app/notification_push.go:289","msg":"Notification will be sent","logSource":"notifications","ackId":"a4imyb9uijbgmgnyrd3y8kdprr","type":"clear","userId":"fpndhay453ridn5swgynz6rahw","postId":"","status":"Prepared to send"}
{"level":"info","ts":1572397901.096664,"caller":"app/notification_push.go:214","msg":"Notification sent","logSource":"notifications","ackId":"a4imyb9uijbgmgnyrd3y8kdprr","type":"clear","userId":"fpndhay453ridn5swgynz6rahw","postId":"","channelId":"7bkqum1h1pndbffin9o4mysqbh","deviceId":"f234aff279c179808ddf5ef7d68c10b476e56d82cd85df3a787f27bcb1f4edf9","status":"Successful"}
{"level":"info","ts":1572398576.706649,"caller":"app/notification_push.go:329","msg":"Notification received","logSource":"notifications","ackId":"a4imyb9uijbgmgnyrd3y8kdprr","type":"clear","deviceType":"ios","receivedAt":1572398576421,"status":"Received by device"}
{"level":"warn","ts":1572569209.802866,"caller":"app/notification.go:270","msg":"Notification not sent","logSource":"notifications","ackId":"","type":"message","userId":"7agbexuck7rb9myamtauf3a7ho","postId":"7o95mriryidjxx8oumgycw7mqe","status":"Not Sent due to preferences"}
{"level":"warn","ts":1572734557.904851,"caller":"app/notification.go:270","msg":"Notification not sent","logSource":"notifications","ackId":"","type":"message","userId":"yu5msicgxib3xfwwqx4mdt8kpc","postId":"feg861cu1idd9k5njhysy3nste","status":"Not Sent due to preferences"}
{"level":"warn","ts":1572734776.939488,"caller":"app/notification.go:270","msg":"Notification not sent","logSource":"notifications","ackId":"","type":"message","userId":"6x4u795f4ty7xn7cg3erhxreao","postId":"68bi45kibf8u8derw96gjjjyao","status":"Not Sent due to preferences"}
{"level":"warn","ts":1572743030.1119502,"caller":"app/notification.go:270","msg":"Notification not sent","logSource":"notifications","ackId":"","type":"message","userId":"ntbmxowbq3yridcntskcub54xr","postId":"woshce7sq3yjjx3k7to9gy4fxh","status":"Not Sent due to preferences"}
{"level":"warn","ts":1572743033.293835,"caller":"app/notification.go:270","msg":"Notification not sent","logSource":"notifications","ackId":"","type":"message","userId":"ntbmxowbq3yridcntskcub54xr","postId":"6hit447en7gztb6hn3tqfan66e","status":"Not Sent due to preferences"}
{"level":"warn","ts":1572743039.985792,"caller":"app/notification.go:270","msg":"Notification not sent","logSource":"notifications","ackId":"","type":"message","userId":"ntbmxowbq3yridcntskcub54xr","postId":"jm6ykxwuijy3featceu7dxi3zy","status":"Not Sent due to preferences"}
{"level":"warn","ts":1572794991.215897,"caller":"app/notification.go:270","msg":"Notification not sent","logSource":"notifications","ackId":"","type":"message","userId":"6x4u795f4ty7xn7cg3erhxreao","postId":"gcm66a74s3dpmg3jax9rxu3nwr","status":"Not Sent due to preferences"}
{"level":"warn","ts":1572802536.9317582,"caller":"app/notification.go:270","msg":"Notification not sent","logSource":"notifications","ackId":"","type":"message","userId":"tsr8wwfccfrqxepa98ixhsbror","postId":"wudchs1bdp8u7fcpd6edhi6kkw","status":"Not Sent due to preferences"}
{"level":"warn","ts":1572879066.3304498,"caller":"app/notification.go:270","msg":"Notification not sent","logSource":"notifications","ackId":"","type":"message","userId":"fapwod6hg3gyfn1s55ya1wda5c","postId":"66e4oefkcf8ntdm84x5oozkj1y","status":"Not Sent due to preferences"}
{"level":"warn","ts":1572879142.675491,"caller":"app/notification.go:270","msg":"Notification not sent","logSource":"notifications","ackId":"","type":"message","userId":"fapwod6hg3gyfn1s55ya1wda5c","postId":"4suiykiippnpzyf7ri7ce9w5pc","status":"Not Sent due to preferences"}
{"level":"warn","ts":1572882153.2169259,"caller":"app/notification.go:270","msg":"Notification not sent","logSource":"notifications","ackId":"","type":"message","userId":"t5hyrizsm3dz3knmpahs8xq5pc","postId":"nx1gorb78t8fupo3da8prxomoc","status":"Not Sent due to preferences"}
{"level":"warn","ts":1572882185.385364,"caller":"app/notification.go:270","msg":"Notification not sent","logSource":"notifications","ackId":"","type":"message","userId":"diqgnqu6w7db9bo4powu9psrhr","postId":"yrefigssaj87xrqun4kjpxftxr","status":"Not Sent due to preferences"}
{"level":"warn","ts":1572882185.410231,"caller":"app/notification.go:270","msg":"Notification not sent","logSource":"notifications","ackId":"","type":"message","userId":"diqgnqu6w7db9bo4powu9psrhr","postId":"ytehnwhqnpbfikgmiyzjya5bjh","status":"Not Sent due to preferences"}
{"level":"warn","ts":1572882279.745484,"caller":"app/notification.go:270","msg":"Notification not sent","logSource":"notifications","ackId":"","type":"message","userId":"fapwod6hg3gyfn1s55ya1wda5c","postId":"3xeb3bdwhfbymrhbi47twdzsuh","status":"Not Sent due to preferences"}
{"level":"warn","ts":1572882319.0872982,"caller":"app/notification.go:270","msg":"Notification not sent","logSource":"notifications","ackId":"","type":"message","userId":"diqgnqu6w7db9bo4powu9psrhr","postId":"dwp4kzp6midnbrgsm19e8hacfe","status":"Not Sent due to preferences"}
{"level":"warn","ts":1572883892.774071,"caller":"app/notification.go:270","msg":"Notification not sent","logSource":"notifications","ackId":"","type":"message","userId":"t5hyrizsm3dz3knmpahs8xq5pc","postId":"d7arkx1jciroirpcowkb1f8isa","status":"Not Sent due to preferences"}
{"level":"warn","ts":1572884307.070165,"caller":"app/notification.go:270","msg":"Notification not sent","logSource":"notifications","ackId":"","type":"message","userId":"okpan73uqtdpbpcpt9xsr7q9th","postId":"bj3btdnu8jysinhcgmut6cmtko","status":"Not Sent due to preferences"}
{"level":"warn","ts":1572884384.8504908,"caller":"app/notification.go:270","msg":"Notification not sent","logSource":"notifications","ackId":"","type":"message","userId":"t5hyrizsm3dz3knmpahs8xq5pc","postId":"499rtd3rjffa9cfzorpmrwbmhc","status":"Not Sent due to preferences"}
{"level":"warn","ts":1572884827.99907,"caller":"app/notification.go:270","msg":"Notification not sent","logSource":"notifications","ackId":"","type":"message","userId":"okpan73uqtdpbpcpt9xsr7q9th","postId":"pdteuotixtns5d8gdsuem3dd4a","status":"Not Sent due to preferences"}
{"level":"warn","ts":1572964499.436312,"caller":"app/notification.go:270","msg":"Notification not sent","logSource":"notifications","ackId":"","type":"message","userId":"fapwod6hg3gyfn1s55ya1wda5c","postId":"jynkfuca4pb1fmcgxmzaeprwza","status":"Not Sent due to preferences"}
{"level":"warn","ts":1572976768.189026,"caller":"app/notification.go:270","msg":"Notification not sent","logSource":"notifications","ackId":"","type":"message","userId":"9rchaiqerjg1pxcqjiowtqzmgy","postId":"texh7z7stfrf8f79rtgeknmooy","status":"Not Sent due to preferences"}
{"level":"warn","ts":1572978054.3563159,"caller":"app/notification.go:270","msg":"Notification not sent","logSource":"notifications","ackId":"","type":"message","userId":"3yg5f91bzffi3msjhxtd8ro1aa","postId":"71ufdw8k4ir388r9taqhe5bahw","status":"Not Sent due to preferences"}
{"level":"warn","ts":1572996340.3370502,"caller":"app/notification.go:270","msg":"Notification not sent","logSource":"notifications","ackId":"","type":"message","userId":"p8bg1iqs47nnuxgn6rcypepqfh","postId":"riaxwid1pifapxo6hbcz6i181h","status":"Not Sent due to preferences"}
{"level":"warn","ts":1572996345.33428,"caller":"app/notification.go:270","msg":"Notification not sent","logSource":"notifications","ackId":"","type":"message","userId":"p8bg1iqs47nnuxgn6rcypepqfh","postId":"7fb5suppejfa9p76hpqgpp9m4w","status":"Not Sent due to preferences"}
{"level":"warn","ts":1572996354.651724,"caller":"app/notification.go:270","msg":"Notification not sent","logSource":"notifications","ackId":"","type":"message","userId":"p8bg1iqs47nnuxgn6rcypepqfh","postId":"f178gp8kjbyjpd9har6b31xo1e","status":"Not Sent due to preferences"}
{"level":"warn","ts":1572996378.09091,"caller":"app/notification.go:270","msg":"Notification not sent","logSource":"notifications","ackId":"","type":"message","userId":"p8bg1iqs47nnuxgn6rcypepqfh","postId":"8xnytz1hw7bofqr8ghnf414uee","status":"Not Sent due to preferences"}
{"level":"warn","ts":1572996399.4512079,"caller":"app/notification.go:270","msg":"Notification not sent","logSource":"notifications","ackId":"","type":"message","userId":"p8bg1iqs47nnuxgn6rcypepqfh","postId":"xt5xqjh3nbnndp1qf53kuwmwda","status":"Not Sent due to preferences"}
{"level":"warn","ts":1572996435.36433,"caller":"app/notification.go:270","msg":"Notification not sent","logSource":"notifications","ackId":"","type":"message","userId":"p8bg1iqs47nnuxgn6rcypepqfh","postId":"88q5p8opfpgw5e57pidaahcqic","status":"Not Sent due to preferences"}
{"level":"warn","ts":1572996464.517695,"caller":"app/notification.go:270","msg":"Notification not sent","logSource":"notifications","ackId":"","type":"message","userId":"p8bg1iqs47nnuxgn6rcypepqfh","postId":"o1csbkww6jd47kxgio1dwf6cnr","status":"Not Sent due to preferences"}
{"level":"warn","ts":1573053194.237814,"caller":"app/notification.go:270","msg":"Notification not sent","logSource":"notifications","ackId":"","type":"message","userId":"a3bsp75kxino7gr5smn6xbokfy","postId":"k59aeu8gmp875kaihwtx3cip5o","status":"Not Sent due to preferences"}
{"level":"warn","ts":1573053199.2320619,"caller":"app/notification.go:270","msg":"Notification not sent","logSource":"notifications","ackId":"","type":"message","userId":"a3bsp75kxino7gr5smn6xbokfy","postId":"y63c6qja7tditgc311oxm3udnc","status":"Not Sent due to preferences"}
{"level":"warn","ts":1573053266.823342,"caller":"app/notification.go:270","msg":"Notification not sent","logSource":"notifications","ackId":"","type":"message","userId":"a3bsp75kxino7gr5smn6xbokfy","postId":"re5j83m6npn5mm3gdz86ceaibc","status":"Not Sent due to preferences"}
{"level":"warn","ts":1573054446.188853,"caller":"app/notification.go:270","msg":"Notification not sent","logSource":"notifications","ackId":"","type":"message","userId":"8xb1ksbcw3rm981uakxj1d4umw","postId":"u711sahw7tdrtb6u3nwd7oykxe","status":"Not Sent due to preferences"}
{"level":"warn","ts":1573054451.1809359,"caller":"app/notification.go:270","msg":"Notification not sent","logSource":"notifications","ackId":"","type":"message","userId":"8xb1ksbcw3rm981uakxj1d4umw","postId":"w4kib6qi5frj5b5wgxtkspiq6e","status":"Not Sent due to preferences"}
{"level":"warn","ts":1573054546.361822,"caller":"app/notification.go:270","msg":"Notification not sent","logSource":"notifications","ackId":"","type":"message","userId":"a3bsp75kxino7gr5smn6xbokfy","postId":"w31bmkhhepgsic4pbqdt8txm1a","status":"Not Sent due to preferences"}
{"level":"warn","ts":1573054605.633705,"caller":"app/notification.go:270","msg":"Notification not sent","logSource":"notifications","ackId":"","type":"message","userId":"8xb1ksbcw3rm981uakxj1d4umw","postId":"qhe13erpdp8yunkr9mxpa1gkic","status":"Not Sent due to preferences"}
{"level":"warn","ts":1573144307.5621362,"caller":"app/notification.go:270","msg":"Notification not sent","logSource":"notifications","ackId":"","type":"message","userId":"a3bsp75kxino7gr5smn6xbokfy","postId":"1xews9hi8tr78mypf5uw7sqbgh","status":"Not Sent due to preferences"}
{"level":"warn","ts":1573255749.292605,"caller":"app/notification.go:270","msg":"Notification not sent","logSource":"notifications","ackId":"","type":"message","userId":"a3bsp75kxino7gr5smn6xbokfy","postId":"4gj81hq4abdjuqp7qyjpgqcrir","status":"Not Sent due to preferences"}
{"level":"warn","ts":1573262353.5141308,"caller":"app/notification.go:270","msg":"Notification not sent","logSource":"notifications","ackId":"","type":"message","userId":"8xb1ksbcw3rm981uakxj1d4umw","postId":"eycrbtrqk7dtxryszwhckctf4o","status":"Not Sent due to preferences"}
{"level":"warn","ts":1573308298.303155,"caller":"app/notification.go:270","msg":"Notification not sent","logSource":"notifications","ackId":"","type":"message","userId":"a3bsp75kxino7gr5smn6xbokfy","postId":"qpwb1xfte7rd5kosac89wzwh8y","status":"Not Sent due to preferences"}
{"level":"warn","ts":1573308377.726058,"caller":"app/notification.go:270","msg":"Notification not sent","logSource":"notifications","ackId":"","type":"message","userId":"3c73no9xabbj7jnaibx1997thy","postId":"9zduwcbq7frnmd3t945z9dpfay","status":"Not Sent due to preferences"}
{"level":"warn","ts":1573308382.440198,"caller":"app/notification.go:270","msg":"Notification not sent","logSource":"notifications","ackId":"","type":"message","userId":"3c73no9xabbj7jnaibx1997thy","postId":"po6qi3zxoifstn98mbmtm73hcw","status":"Not Sent due to preferences"}
{"level":"warn","ts":1573308479.685743,"caller":"app/notification.go:270","msg":"Notification not sent","logSource":"notifications","ackId":"","type":"message","userId":"a3bsp75kxino7gr5smn6xbokfy","postId":"3ciwsa36fbd7pf7g5czt9t7sjh","status":"Not Sent due to preferences"}
{"level":"warn","ts":1573308512.8388338,"caller":"app/notification.go:270","msg":"Notification not sent","logSource":"notifications","ackId":"","type":"message","userId":"a3bsp75kxino7gr5smn6xbokfy","postId":"exjrqyq9i7fb98iahcbe3iqy1a","status":"Not Sent due to preferences"}
{"level":"warn","ts":1573319432.562505,"caller":"app/notification.go:270","msg":"Notification not sent","logSource":"notifications","ackId":"","type":"message","userId":"8xb1ksbcw3rm981uakxj1d4umw","postId":"3wosep9hg3ggzq3zbjm3tfh97e","status":"Not Sent due to preferences"}
{"level":"warn","ts":1573495025.928559,"caller":"app/notification.go:270","msg":"Notification not sent","logSource":"notifications","ackId":"","type":"message","userId":"a3bsp75kxino7gr5smn6xbokfy","postId":"r4w8dhkd3trjdnhst64qy8reyc","status":"Not Sent due to preferences"}
{"level":"warn","ts":1573495175.236114,"caller":"app/notification.go:270","msg":"Notification not sent","logSource":"notifications","ackId":"","type":"message","userId":"y1hp1mzbjjyw7yopjc8zynti9e","postId":"njgpfnugwtr3fgtbxetsndozqo","status":"Not Sent due to preferences"}
{"level":"warn","ts":1573495180.236198,"caller":"app/notification.go:270","msg":"Notification not sent","logSource":"notifications","ackId":"","type":"message","userId":"y1hp1mzbjjyw7yopjc8zynti9e","postId":"3n5sn9kko7r88mu5e1y35xgq7c","status":"Not Sent due to preferences"}
{"level":"warn","ts":1573495479.8545332,"caller":"app/notification.go:270","msg":"Notification not sent","logSource":"notifications","ackId":"","type":"message","userId":"y1hp1mzbjjyw7yopjc8zynti9e","postId":"t5xjw8bbhjrq9ks9ohnosm9qah","status":"Not Sent due to preferences"}
{"level":"warn","ts":1573495560.125095,"caller":"app/notification.go:270","msg":"Notification not sent","logSource":"notifications","ackId":"","type":"message","userId":"y1hp1mzbjjyw7yopjc8zynti9e","postId":"yzx33eodrfyn9kafidjhh43owc","status":"Not Sent due to preferences"}
{"level":"warn","ts":1574089000.998979,"caller":"app/notification.go:270","msg":"Notification not sent","logSource":"notifications","ackId":"","type":"message","userId":"dzmwg9d5k7d7fx93njiwqouakc","postId":"ww8d17uepffd9pkycjqpss1cmy","status":"Not Sent due to preferences"}
{"level":"warn","ts":1574089006.003984,"caller":"app/notification.go:270","msg":"Notification not sent","logSource":"notifications","ackId":"","type":"message","userId":"dzmwg9d5k7d7fx93njiwqouakc","postId":"4jqg1hk56jb9bmjyqfowjs9bzc","status":"Not Sent due to preferences"}
{"level":"warn","ts":1574089244.6812851,"caller":"app/notification.go:270","msg":"Notification not sent","logSource":"notifications","ackId":"","type":"message","userId":"dzmwg9d5k7d7fx93njiwqouakc","postId":"ef5xembhw7bt5mczm11cdrosce","status":"Not Sent due to preferences"}
{"level":"warn","ts":1574089351.0044851,"caller":"app/notification.go:270","msg":"Notification not sent","logSource":"notifications","ackId":"","type":"message","userId":"dzmwg9d5k7d7fx93njiwqouakc","postId":"1a5hka7ftpfq8n3ztjk3uiyu7c","status":"Not Sent due to preferences"}
{"level":"warn","ts":1574354482.507334,"caller":"app/notification.go:270","msg":"Notification not sent","logSource":"notifications","ackId":"","type":"message","userId":"3uzymej4cfd9znxf51hs6wjk5c","postId":"7zdzecek9bgbxcu3xzeo31o6yr","status":"Not Sent due to preferences"}
{"level":"warn","ts":1574354623.898418,"caller":"app/notification.go:270","msg":"Notification not sent","logSource":"notifications","ackId":"","type":"message","userId":"uir1b9rcfifkbjqq158x35rh4a","postId":"zf8zm3ykiigfbp3x1ejij1x46e","status":"Not Sent due to preferences"}
{"level":"warn","ts":1574354628.892493,"caller":"app/notification.go:270","msg":"Notification not sent","logSource":"notifications","ackId":"","type":"message","userId":"uir1b9rcfifkbjqq158x35rh4a","postId":"bj73na8w6fr9tqhykthe61ka5h","status":"Not Sent due to preferences"}
{"level":"warn","ts":1575665267.343895,"caller":"app/notification.go:270","msg":"Notification not sent","logSource":"notifications","ackId":"","type":"message","userId":"nzgkr1z6eidjmjwo7rridmt3qc","postId":"mj3iu4nh73rj7rmqfnquk8g71w","status":"Not Sent due to preferences"}
{"level":"warn","ts":1575665272.33951,"caller":"app/notification.go:270","msg":"Notification not sent","logSource":"notifications","ackId":"","type":"message","userId":"nzgkr1z6eidjmjwo7rridmt3qc","postId":"434hw7cczprf5gbptkciatcmow","status":"Not Sent due to preferences"}
{"level":"warn","ts":1575665360.832692,"caller":"app/notification.go:270","msg":"Notification not sent","logSource":"notifications","ackId":"","type":"message","userId":"nzgkr1z6eidjmjwo7rridmt3qc","postId":"zkktcbektbb5idrdc3ihts8kow","status":"Not Sent due to preferences"}
{"level":"warn","ts":1576460263.4530282,"caller":"app/notification.go:270","msg":"Notification not sent","logSource":"notifications","ackId":"","type":"message","userId":"am4gmdrqnjg68nspoqkegeeoto","postId":"qiomroyrdtfn7fu1k6ddjbw38r","status":"Not Sent due to preferences"}
{"level":"warn","ts":1576460268.439754,"caller":"app/notification.go:270","msg":"Notification not sent","logSource":"notifications","ackId":"","type":"message","userId":"am4gmdrqnjg68nspoqkegeeoto","postId":"3fo67x5e3bn1brss1epskbk6th","status":"Not Sent due to preferences"}
{"level":"warn","ts":1576460359.2975638,"caller":"app/notification.go:270","msg":"Notification not sent","logSource":"notifications","ackId":"","type":"message","userId":"am4gmdrqnjg68nspoqkegeeoto","postId":"usjt13aox3d75pk8jtw1r99q4y","status":"Not Sent due to preferences"}
{"level":"warn","ts":1577720524.22302,"caller":"app/notification.go:270","msg":"Notification not sent","logSource":"notifications","ackId":"","type":"message","userId":"9t1q688ffpdspb8wwyhh8wie8r","postId":"imskdqgk4ff6pr9j68eatbx36w","status":"Not Sent due to preferences"}
{"level":"warn","ts":1577820452.616333,"caller":"app/notification.go:270","msg":"Notification not sent","logSource":"notifications","ackId":"","type":"message","userId":"r7e9d7arrj8qupencwxquyxq3o","postId":"f71zoenc7brj7bygo8fua9dkrh","status":"Not Sent due to preferences"}
{"level":"warn","ts":1577982302.6598458,"caller":"app/notification.go:270","msg":"Notification not sent","logSource":"notifications","ackId":"","type":"message","userId":"qdz3hj9njpbzjcdqrcx4gdzx9w","postId":"mnitmz59bpdnfqb4p8eu1y6nto","status":"Not Sent due to preferences"}
{"level":"warn","ts":1578087786.850076,"caller":"app/notification.go:270","msg":"Notification not sent","logSource":"notifications","ackId":"","type":"message","userId":"msrnmn4yqp8yubiusurjyws9ge","postId":"szmtyfehmtn6jb9z6me9qhwmjo","status":"Not Sent due to preferences"}
{"level":"warn","ts":1578872976.559537,"caller":"app/notification.go:270","msg":"Notification not sent","logSource":"notifications","ackId":"","type":"message","userId":"qdz3hj9njpbzjcdqrcx4gdzx9w","postId":"w1dj3p6ii3n4j87y6n7xnyzgqr","status":"Not Sent due to preferences"}
{"level":"warn","ts":1578872976.8905091,"caller":"app/notification.go:270","msg":"Notification not sent","logSource":"notifications","ackId":"","type":"message","userId":"cgsftzo6ziyupxosw43rkas4yo","postId":"i569u4d1hpfpxdhni9cmho6q9y","status":"Not Sent due to preferences"}
{"level":"warn","ts":1578873599.074243,"caller":"app/notification.go:270","msg":"Notification not sent","logSource":"notifications","ackId":"","type":"message","userId":"qdz3hj9njpbzjcdqrcx4gdzx9w","postId":"x44ghjrs47naudcp5dnsmu1eaw","status":"Not Sent due to preferences"}
{"level":"warn","ts":1578873599.392263,"caller":"app/notification.go:270","msg":"Notification not sent","logSource":"notifications","ackId":"","type":"message","userId":"cgsftzo6ziyupxosw43rkas4yo","postId":"7cge7ohimpbr7ew5n3su5doupr","status":"Not Sent due to preferences"}
{"level":"warn","ts":1578874806.23237,"caller":"app/notification.go:270","msg":"Notification not sent","logSource":"notifications","ackId":"","type":"message","userId":"qdz3hj9njpbzjcdqrcx4gdzx9w","postId":"jsu5yss8qtd6jy6jiod6y8bp8e","status":"Not Sent due to preferences"}
{"level":"warn","ts":1578874806.2791958,"caller":"app/notification.go:270","msg":"Notification not sent","logSource":"notifications","ackId":"","type":"message","userId":"qdz3hj9njpbzjcdqrcx4gdzx9w","postId":"dotk49wrsbnqpfcomxpn7prn4y","status":"Not Sent due to preferences"}
{"level":"warn","ts":1578874807.2074199,"caller":"app/notification.go:270","msg":"Notification not sent","logSource":"notifications","ackId":"","type":"message","userId":"cgsftzo6ziyupxosw43rkas4yo","postId":"r1kuokrihty55m9h6htpkdadee","status":"Not Sent due to preferences"}
{"level":"warn","ts":1578874882.352418,"caller":"app/notification.go:270","msg":"Notification not sent","logSource":"notifications","ackId":"","type":"message","userId":"qdz3hj9njpbzjcdqrcx4gdzx9w","postId":"3rj19ognc3n3dmgwja4cim1kgr","status":"Not Sent due to preferences"}
{"level":"warn","ts":1578874883.306815,"caller":"app/notification.go:270","msg":"Notification not sent","logSource":"notifications","ackId":"","type":"message","userId":"cgsftzo6ziyupxosw43rkas4yo","postId":"39p49fmo5fbftdz4snajxuwspa","status":"Not Sent due to preferences"}
{"level":"warn","ts":1578875512.459896,"caller":"app/notification.go:270","msg":"Notification not sent","logSource":"notifications","ackId":"","type":"message","userId":"qdz3hj9njpbzjcdqrcx4gdzx9w","postId":"ur7maeqst7nttmzsk7o5qphtfw","status":"Not Sent due to preferences"}
{"level":"warn","ts":1578875513.4369159,"caller":"app/notification.go:270","msg":"Notification not sent","logSource":"notifications","ackId":"","type":"message","userId":"cgsftzo6ziyupxosw43rkas4yo","postId":"qh4bww7xytdm9yp5q67hp5djso","status":"Not Sent due to preferences"}
{"level":"warn","ts":1578959113.672907,"caller":"app/notification.go:270","msg":"Notification not sent","logSource":"notifications","ackId":"","type":"message","userId":"qdz3hj9njpbzjcdqrcx4gdzx9w","postId":"8d6d5y9prp8u3bpkphfmfide5e","status":"Not Sent due to preferences"}
{"level":"warn","ts":1578959113.9726532,"caller":"app/notification.go:270","msg":"Notification not sent","logSource":"notifications","ackId":"","type":"message","userId":"cgsftzo6ziyupxosw43rkas4yo","postId":"co8ken1ttfbf7buf1ok5wdgoec","status":"Not Sent due to preferences"}
{"level":"warn","ts":1578959158.757518,"caller":"app/notification.go:270","msg":"Notification not sent","logSource":"notifications","ackId":"","type":"message","userId":"8ktipaopspbcupybhkhqwim55o","postId":"h7cbuu6x1by8z8z7tmjtrrns6r","status":"Not Sent due to preferences"}
{"level":"warn","ts":1578959581.6971,"caller":"app/notification.go:270","msg":"Notification not sent","logSource":"notifications","ackId":"","type":"message","userId":"qdz3hj9njpbzjcdqrcx4gdzx9w","postId":"7mf3dkrf4pga3grztumhj3cujy","status":"Not Sent due to preferences"}
{"level":"warn","ts":1578959581.961099,"caller":"app/notification.go:270","msg":"Notification not sent","logSource":"notifications","ackId":"","type":"message","userId":"cgsftzo6ziyupxosw43rkas4yo","postId":"36wd9cth4b8mtbikc571tc1xch","status":"Not Sent due to preferences"}
{"level":"warn","ts":1578959582.221353,"caller":"app/notification.go:270","msg":"Notification not sent","logSource":"notifications","ackId":"","type":"message","userId":"8ktipaopspbcupybhkhqwim55o","postId":"151hqf9nei8cubosunn1h1c1iy","status":"Not Sent due to preferences"}
{"level":"warn","ts":1578960086.8606799,"caller":"app/notification.go:270","msg":"Notification not sent","logSource":"notifications","ackId":"","type":"message","userId":"qdz3hj9njpbzjcdqrcx4gdzx9w","postId":"ix68rdbbu3nipjgxmmit1pqfca","status":"Not Sent due to preferences"}
{"level":"warn","ts":1578960086.9691541,"caller":"app/notification.go:270","msg":"Notification not sent","logSource":"notifications","ackId":"","type":"message","userId":"qdz3hj9njpbzjcdqrcx4gdzx9w","postId":"nqeprmf3hbrujbue8tu6frcguy","status":"Not Sent due to preferences"}
{"level":"warn","ts":1578960087.805442,"caller":"app/notification.go:270","msg":"Notification not sent","logSource":"notifications","ackId":"","type":"message","userId":"cgsftzo6ziyupxosw43rkas4yo","postId":"ibrf189bfjr5j889fmf399dh4r","status":"Not Sent due to preferences"}
{"level":"warn","ts":1578960088.051465,"caller":"app/notification.go:270","msg":"Notification not sent","logSource":"notifications","ackId":"","type":"message","userId":"8ktipaopspbcupybhkhqwim55o","postId":"y5ofr5rpcjb35n44pufymafs1o","status":"Not Sent due to preferences"}
{"level":"warn","ts":1580498853.520023,"caller":"app/notification.go:261","msg":"Notification not sent","logSource":"notifications","ackId":"","type":"message","userId":"wykyye3yjpfnxki8a7zpraoxja","postId":"xq4ysg7h9fgotduarxsxtmn8wo","status":"Not Sent due to preferences"}
{"level":"warn","ts":1580498853.5634172,"caller":"app/notification.go:261","msg":"Notification not sent","logSource":"notifications","ackId":"","type":"message","userId":"wykyye3yjpfnxki8a7zpraoxja","postId":"8sh3c418uff1fnajh94w5ebe7c","status":"Not Sent due to preferences"}
{"level":"warn","ts":1580499017.845522,"caller":"app/notification.go:261","msg":"Notification not sent","logSource":"notifications","ackId":"","type":"message","userId":"wykyye3yjpfnxki8a7zpraoxja","postId":"tyqpe8kkwiycfesq1shrbou3ce","status":"Not Sent due to preferences"}
{"level":"warn","ts":1580499017.845855,"caller":"app/notification.go:261","msg":"Notification not sent","logSource":"notifications","ackId":"","type":"message","userId":"abryk67kspnpiqkapgnri8m1my","postId":"tyqpe8kkwiycfesq1shrbou3ce","status":"Not Sent due to preferences"}
{"level":"warn","ts":1580499017.9027588,"caller":"app/notification.go:261","msg":"Notification not sent","logSource":"notifications","ackId":"","type":"message","userId":"wykyye3yjpfnxki8a7zpraoxja","postId":"kimufkr76pr89dj5chjwyz59re","status":"Not Sent due to preferences"}
{"level":"warn","ts":1580499017.902843,"caller":"app/notification.go:261","msg":"Notification not sent","logSource":"notifications","ackId":"","type":"message","userId":"abryk67kspnpiqkapgnri8m1my","postId":"kimufkr76pr89dj5chjwyz59re","status":"Not Sent due to preferences"}
{"level":"warn","ts":1580499149.627181,"caller":"app/notification.go:261","msg":"Notification not sent","logSource":"notifications","ackId":"","type":"message","userId":"wykyye3yjpfnxki8a7zpraoxja","postId":"twfoa4jigjgrbgqx3t4uggyxbw","status":"Not Sent due to preferences"}
{"level":"warn","ts":1580499149.627964,"caller":"app/notification.go:261","msg":"Notification not sent","logSource":"notifications","ackId":"","type":"message","userId":"abryk67kspnpiqkapgnri8m1my","postId":"twfoa4jigjgrbgqx3t4uggyxbw","status":"Not Sent due to preferences"}
{"level":"warn","ts":1580499149.628021,"caller":"app/notification.go:261","msg":"Notification not sent","logSource":"notifications","ackId":"","type":"message","userId":"rx9xyksecbf4u8na14xa8jpuge","postId":"twfoa4jigjgrbgqx3t4uggyxbw","status":"Not Sent due to preferences"}
{"level":"warn","ts":1580499312.3614101,"caller":"app/notification.go:261","msg":"Notification not sent","logSource":"notifications","ackId":"","type":"message","userId":"abryk67kspnpiqkapgnri8m1my","postId":"9ondnojuut8s8crbhpig59zzjh","status":"Not Sent due to preferences"}
{"level":"warn","ts":1580499312.3618891,"caller":"app/notification.go:261","msg":"Notification not sent","logSource":"notifications","ackId":"","type":"message","userId":"rx9xyksecbf4u8na14xa8jpuge","postId":"9ondnojuut8s8crbhpig59zzjh","status":"Not Sent due to preferences"}
{"level":"warn","ts":1580499312.3619342,"caller":"app/notification.go:261","msg":"Notification not sent","logSource":"notifications","ackId":"","type":"message","userId":"zu1pcn1nmifctppzanccsah6qh","postId":"9ondnojuut8s8crbhpig59zzjh","status":"Not Sent due to preferences"}
{"level":"warn","ts":1580499312.36196,"caller":"app/notification.go:261","msg":"Notification not sent","logSource":"notifications","ackId":"","type":"message","userId":"wykyye3yjpfnxki8a7zpraoxja","postId":"9ondnojuut8s8crbhpig59zzjh","status":"Not Sent due to preferences"}
{"level":"warn","ts":1580499553.957369,"caller":"app/notification.go:261","msg":"Notification not sent","logSource":"notifications","ackId":"","type":"message","userId":"zu1pcn1nmifctppzanccsah6qh","postId":"pjqna6xamfnozqfssucfs5jaqw","status":"Not Sent due to preferences"}
{"level":"warn","ts":1580499553.957821,"caller":"app/notification.go:261","msg":"Notification not sent","logSource":"notifications","ackId":"","type":"message","userId":"rx9xyksecbf4u8na14xa8jpuge","postId":"pjqna6xamfnozqfssucfs5jaqw","status":"Not Sent due to preferences"}
{"level":"warn","ts":1580499553.9578729,"caller":"app/notification.go:261","msg":"Notification not sent","logSource":"notifications","ackId":"","type":"message","userId":"wykyye3yjpfnxki8a7zpraoxja","postId":"pjqna6xamfnozqfssucfs5jaqw","status":"Not Sent due to preferences"}
{"level":"warn","ts":1580499553.957921,"caller":"app/notification.go:261","msg":"Notification not sent","logSource":"notifications","ackId":"","type":"message","userId":"abryk67kspnpiqkapgnri8m1my","postId":"pjqna6xamfnozqfssucfs5jaqw","status":"Not Sent due to preferences"}
{"level":"warn","ts":1580499556.466238,"caller":"app/notification.go:261","msg":"Notification not sent","logSource":"notifications","ackId":"","type":"message","userId":"wykyye3yjpfnxki8a7zpraoxja","postId":"fyrwyyxmcpraibj8abmghyz3ho","status":"Not Sent due to preferences"}
{"level":"warn","ts":1580499556.4663239,"caller":"app/notification.go:261","msg":"Notification not sent","logSource":"notifications","ackId":"","type":"message","userId":"rx9xyksecbf4u8na14xa8jpuge","postId":"fyrwyyxmcpraibj8abmghyz3ho","status":"Not Sent due to preferences"}
{"level":"warn","ts":1580499556.466371,"caller":"app/notification.go:261","msg":"Notification not sent","logSource":"notifications","ackId":"","type":"message","userId":"abryk67kspnpiqkapgnri8m1my","postId":"fyrwyyxmcpraibj8abmghyz3ho","status":"Not Sent due to preferences"}
{"level":"warn","ts":1580499556.466398,"caller":"app/notification.go:261","msg":"Notification not sent","logSource":"notifications","ackId":"","type":"message","userId":"zu1pcn1nmifctppzanccsah6qh","postId":"fyrwyyxmcpraibj8abmghyz3ho","status":"Not Sent due to preferences"}
{"level":"warn","ts":1580499621.171257,"caller":"app/notification.go:261","msg":"Notification not sent","logSource":"notifications","ackId":"","type":"message","userId":"zu1pcn1nmifctppzanccsah6qh","postId":"ynoi77pbbjrd7c87r3gq5zwewe","status":"Not Sent due to preferences"}
{"level":"warn","ts":1580499621.171374,"caller":"app/notification.go:261","msg":"Notification not sent","logSource":"notifications","ackId":"","type":"message","userId":"rx9xyksecbf4u8na14xa8jpuge","postId":"ynoi77pbbjrd7c87r3gq5zwewe","status":"Not Sent due to preferences"}
{"level":"warn","ts":1580499621.1714408,"caller":"app/notification.go:261","msg":"Notification not sent","logSource":"notifications","ackId":"","type":"message","userId":"wykyye3yjpfnxki8a7zpraoxja","postId":"ynoi77pbbjrd7c87r3gq5zwewe","status":"Not Sent due to preferences"}
{"level":"warn","ts":1580499621.171477,"caller":"app/notification.go:261","msg":"Notification not sent","logSource":"notifications","ackId":"","type":"message","userId":"abryk67kspnpiqkapgnri8m1my","postId":"ynoi77pbbjrd7c87r3gq5zwewe","status":"Not Sent due to preferences"}
{"level":"warn","ts":1580499630.22701,"caller":"app/notification.go:261","msg":"Notification not sent","logSource":"notifications","ackId":"","type":"message","userId":"rx9xyksecbf4u8na14xa8jpuge","postId":"86ax44h7zirwxepmosg6f8tmwe","status":"Not Sent due to preferences"}
{"level":"warn","ts":1580499630.227427,"caller":"app/notification.go:261","msg":"Notification not sent","logSource":"notifications","ackId":"","type":"message","userId":"zu1pcn1nmifctppzanccsah6qh","postId":"86ax44h7zirwxepmosg6f8tmwe","status":"Not Sent due to preferences"}
{"level":"warn","ts":1580499630.227515,"caller":"app/notification.go:261","msg":"Notification not sent","logSource":"notifications","ackId":"","type":"message","userId":"wykyye3yjpfnxki8a7zpraoxja","postId":"86ax44h7zirwxepmosg6f8tmwe","status":"Not Sent due to preferences"}
{"level":"warn","ts":1580499630.2275689,"caller":"app/notification.go:261","msg":"Notification not sent","logSource":"notifications","ackId":"","type":"message","userId":"abryk67kspnpiqkapgnri8m1my","postId":"86ax44h7zirwxepmosg6f8tmwe","status":"Not Sent due to preferences"}
{"level":"warn","ts":1580499661.567124,"caller":"app/notification.go:261","msg":"Notification not sent","logSource":"notifications","ackId":"","type":"message","userId":"wykyye3yjpfnxki8a7zpraoxja","postId":"jkb5j48eijbx5d5kmgz41fk1tc","status":"Not Sent due to preferences"}
{"level":"warn","ts":1580499661.567281,"caller":"app/notification.go:261","msg":"Notification not sent","logSource":"notifications","ackId":"","type":"message","userId":"rx9xyksecbf4u8na14xa8jpuge","postId":"jkb5j48eijbx5d5kmgz41fk1tc","status":"Not Sent due to preferences"}
{"level":"warn","ts":1580499661.567334,"caller":"app/notification.go:261","msg":"Notification not sent","logSource":"notifications","ackId":"","type":"message","userId":"abryk67kspnpiqkapgnri8m1my","postId":"jkb5j48eijbx5d5kmgz41fk1tc","status":"Not Sent due to preferences"}
{"level":"warn","ts":1580499661.567403,"caller":"app/notification.go:261","msg":"Notification not sent","logSource":"notifications","ackId":"","type":"message","userId":"zu1pcn1nmifctppzanccsah6qh","postId":"jkb5j48eijbx5d5kmgz41fk1tc","status":"Not Sent due to preferences"}
{"level":"warn","ts":1580499665.728411,"caller":"app/notification.go:261","msg":"Notification not sent","logSource":"notifications","ackId":"","type":"message","userId":"wykyye3yjpfnxki8a7zpraoxja","postId":"kmc5yupghbysp8nk11x457sddc","status":"Not Sent due to preferences"}
{"level":"warn","ts":1580499665.7284951,"caller":"app/notification.go:261","msg":"Notification not sent","logSource":"notifications","ackId":"","type":"message","userId":"rx9xyksecbf4u8na14xa8jpuge","postId":"kmc5yupghbysp8nk11x457sddc","status":"Not Sent due to preferences"}
{"level":"warn","ts":1580499665.728534,"caller":"app/notification.go:261","msg":"Notification not sent","logSource":"notifications","ackId":"","type":"message","userId":"abryk67kspnpiqkapgnri8m1my","postId":"kmc5yupghbysp8nk11x457sddc","status":"Not Sent due to preferences"}
{"level":"warn","ts":1580499665.728561,"caller":"app/notification.go:261","msg":"Notification not sent","logSource":"notifications","ackId":"","type":"message","userId":"zu1pcn1nmifctppzanccsah6qh","postId":"kmc5yupghbysp8nk11x457sddc","status":"Not Sent due to preferences"}
{"level":"warn","ts":1580929981.242717,"caller":"app/notification.go:261","msg":"Notification not sent","logSource":"notifications","ackId":"","type":"message","userId":"wykyye3yjpfnxki8a7zpraoxja","postId":"3m8whhh1wig8bj4jsfw167iupa","status":"Not Sent due to preferences"}
{"level":"warn","ts":1580929981.243371,"caller":"app/notification.go:261","msg":"Notification not sent","logSource":"notifications","ackId":"","type":"message","userId":"abryk67kspnpiqkapgnri8m1my","postId":"3m8whhh1wig8bj4jsfw167iupa","status":"Not Sent due to preferences"}
{"level":"warn","ts":1580929981.243409,"caller":"app/notification.go:261","msg":"Notification not sent","logSource":"notifications","ackId":"","type":"message","userId":"rx9xyksecbf4u8na14xa8jpuge","postId":"3m8whhh1wig8bj4jsfw167iupa","status":"Not Sent due to preferences"}
{"level":"warn","ts":1580929981.243436,"caller":"app/notification.go:261","msg":"Notification not sent","logSource":"notifications","ackId":"","type":"message","userId":"zu1pcn1nmifctppzanccsah6qh","postId":"3m8whhh1wig8bj4jsfw167iupa","status":"Not Sent due to preferences"}
{"level":"warn","ts":1580929986.064843,"caller":"app/notification.go:261","msg":"Notification not sent","logSource":"notifications","ackId":"","type":"message","userId":"rx9xyksecbf4u8na14xa8jpuge","postId":"cy53keg1dbftmyt1ft5fd5u4qe","status":"Not Sent due to preferences"}
{"level":"warn","ts":1580929986.064899,"caller":"app/notification.go:261","msg":"Notification not sent","logSource":"notifications","ackId":"","type":"message","userId":"wykyye3yjpfnxki8a7zpraoxja","postId":"cy53keg1dbftmyt1ft5fd5u4qe","status":"Not Sent due to preferences"}
{"level":"warn","ts":1580929986.0649421,"caller":"app/notification.go:261","msg":"Notification not sent","logSource":"notifications","ackId":"","type":"message","userId":"abryk67kspnpiqkapgnri8m1my","postId":"cy53keg1dbftmyt1ft5fd5u4qe","status":"Not Sent due to preferences"}
{"level":"warn","ts":1580929986.064972,"caller":"app/notification.go:261","msg":"Notification not sent","logSource":"notifications","ackId":"","type":"message","userId":"zu1pcn1nmifctppzanccsah6qh","postId":"cy53keg1dbftmyt1ft5fd5u4qe","status":"Not Sent due to preferences"}
{"level":"warn","ts":1580930013.591116,"caller":"app/notification.go:261","msg":"Notification not sent","logSource":"notifications","ackId":"","type":"message","userId":"rx9xyksecbf4u8na14xa8jpuge","postId":"tc717h749brsmbrgcq3x5mkgke","status":"Not Sent due to preferences"}
{"level":"warn","ts":1580930013.591465,"caller":"app/notification.go:261","msg":"Notification not sent","logSource":"notifications","ackId":"","type":"message","userId":"zu1pcn1nmifctppzanccsah6qh","postId":"tc717h749brsmbrgcq3x5mkgke","status":"Not Sent due to preferences"}
{"level":"warn","ts":1580930013.591511,"caller":"app/notification.go:261","msg":"Notification not sent","logSource":"notifications","ackId":"","type":"message","userId":"wykyye3yjpfnxki8a7zpraoxja","postId":"tc717h749brsmbrgcq3x5mkgke","status":"Not Sent due to preferences"}
{"level":"warn","ts":1580930013.591537,"caller":"app/notification.go:261","msg":"Notification not sent","logSource":"notifications","ackId":"","type":"message","userId":"abryk67kspnpiqkapgnri8m1my","postId":"tc717h749brsmbrgcq3x5mkgke","status":"Not Sent due to preferences"}
{"level":"warn","ts":1580930014.784348,"caller":"app/notification.go:261","msg":"Notification not sent","logSource":"notifications","ackId":"","type":"message","userId":"abryk67kspnpiqkapgnri8m1my","postId":"97inzukdfpfnjdk3dtzcm9ysbw","status":"Not Sent due to preferences"}
{"level":"warn","ts":1580930014.784402,"caller":"app/notification.go:261","msg":"Notification not sent","logSource":"notifications","ackId":"","type":"message","userId":"rx9xyksecbf4u8na14xa8jpuge","postId":"97inzukdfpfnjdk3dtzcm9ysbw","status":"Not Sent due to preferences"}
{"level":"warn","ts":1580930014.784422,"caller":"app/notification.go:261","msg":"Notification not sent","logSource":"notifications","ackId":"","type":"message","userId":"zu1pcn1nmifctppzanccsah6qh","postId":"97inzukdfpfnjdk3dtzcm9ysbw","status":"Not Sent due to preferences"}
{"level":"warn","ts":1580930014.784439,"caller":"app/notification.go:261","msg":"Notification not sent","logSource":"notifications","ackId":"","type":"message","userId":"wykyye3yjpfnxki8a7zpraoxja","postId":"97inzukdfpfnjdk3dtzcm9ysbw","status":"Not Sent due to preferences"}
